Using pre-set license
Built from '2021.3/staging' branch; Version is '2021.3.5f1 (40eb3a945986) revision 4254522'; Using compiler version '192829333'; Build Type 'Release'
OS: 'Windows 11  (10.0.22000) 64bit Professional' Language: 'en' Physical Memory: 16272 MB
BatchMode: 1, IsHumanControllingUs: 0, StartBugReporterOnCrash: 0, Is64bit: 1, IsPro: 1

COMMAND LINE ARGUMENTS:
D:\Unity\Hub\Editor\2021.3.5f1\Editor\Unity.exe
-adb2
-batchMode
-noUpm
-name
AssetImportWorker1
-projectPath
D:/Documentos/Desafio Spezi/Coffee Rush/Coffee Rush
-logFile
Logs/AssetImportWorker1.log
-srvPort
52710
Successfully changed project path to: D:/Documentos/Desafio Spezi/Coffee Rush/Coffee Rush
D:/Documentos/Desafio Spezi/Coffee Rush/Coffee Rush
[UnityMemory] Configuration Parameters - Can be set up in boot.config
    "memorysetup-bucket-allocator-granularity=16"
    "memorysetup-bucket-allocator-bucket-count=8"
    "memorysetup-bucket-allocator-block-size=33554432"
    "memorysetup-bucket-allocator-block-count=8"
    "memorysetup-main-allocator-block-size=16777216"
    "memorysetup-thread-allocator-block-size=16777216"
    "memorysetup-gfx-main-allocator-block-size=16777216"
    "memorysetup-gfx-thread-allocator-block-size=16777216"
    "memorysetup-cache-allocator-block-size=4194304"
    "memorysetup-typetree-allocator-block-size=2097152"
    "memorysetup-profiler-bucket-allocator-granularity=16"
    "memorysetup-profiler-bucket-allocator-bucket-count=8"
    "memorysetup-profiler-bucket-allocator-block-size=33554432"
    "memorysetup-profiler-bucket-allocator-block-count=8"
    "memorysetup-profiler-allocator-block-size=16777216"
    "memorysetup-profiler-editor-allocator-block-size=1048576"
    "memorysetup-temp-allocator-size-main=16777216"
    "memorysetup-job-temp-allocator-block-size=2097152"
    "memorysetup-job-temp-allocator-block-size-background=1048576"
    "memorysetup-job-temp-allocator-reduction-small-platforms=262144"
    "memorysetup-temp-allocator-size-background-worker=32768"
    "memorysetup-temp-allocator-size-job-worker=262144"
    "memorysetup-temp-allocator-size-preload-manager=33554432"
    "memorysetup-temp-allocator-size-nav-mesh-worker=65536"
    "memorysetup-temp-allocator-size-audio-worker=65536"
    "memorysetup-temp-allocator-size-cloud-worker=32768"
    "memorysetup-temp-allocator-size-gi-baking-worker=262144"
    "memorysetup-temp-allocator-size-gfx=262144"
Refreshing native plugins compatible for Editor in 35.49 ms, found 3 plugins.
Preloading 0 native plugins for Editor in 0.00 ms.
Initialize engine version: 2021.3.5f1 (40eb3a945986)
[Subsystems] Discovering subsystems at path D:/Unity/Hub/Editor/2021.3.5f1/Editor/Data/Resources/UnitySubsystems
[Subsystems] Discovering subsystems at path D:/Documentos/Desafio Spezi/Coffee Rush/Coffee Rush/Assets
GfxDevice: creating device client; threaded=0; jobified=0
Direct3D:
    Version:  Direct3D 11.0 [level 11.1]
    Renderer: NVIDIA GeForce RTX 2060 SUPER (ID=0x1f06)
    Vendor:   NVIDIA
    VRAM:     8031 MB
    Driver:   31.0.15.1659
Initialize mono
Mono path[0] = 'D:/Unity/Hub/Editor/2021.3.5f1/Editor/Data/Managed'
Mono path[1] = 'D:/Unity/Hub/Editor/2021.3.5f1/Editor/Data/MonoBleedingEdge/lib/mono/unityjit-win32'
Mono config path = 'D:/Unity/Hub/Editor/2021.3.5f1/Editor/Data/MonoBleedingEdge/etc'
Using monoOptions --debugger-agent=transport=dt_socket,embedding=1,server=y,suspend=n,address=127.0.0.1:56408
Begin MonoManager ReloadAssembly
Registering precompiled unity dll's ...
Register platform support module: D:/Unity/Hub/Editor/2021.3.5f1/Editor/Data/PlaybackEngines/WindowsStandaloneSupport/UnityEditor.WindowsStandalone.Extensions.dll
Registered in 0.001803 seconds.
Native extension for WindowsStandalone target not found
Refreshing native plugins compatible for Editor in 32.31 ms, found 3 plugins.
Preloading 0 native plugins for Editor in 0.00 ms.
Mono: successfully reloaded assembly
- Completed reload, in  0.447 seconds
Domain Reload Profiling:
	ReloadAssembly (447ms)
		BeginReloadAssembly (69ms)
			ExecutionOrderSort (0ms)
			DisableScriptedObjects (0ms)
			BackupInstance (0ms)
			ReleaseScriptingObjects (0ms)
			CreateAndSetChildDomain (1ms)
		EndReloadAssembly (303ms)
			LoadAssemblies (69ms)
			RebuildTransferFunctionScriptingTraits (0ms)
			SetupTypeCache (75ms)
			ReleaseScriptCaches (0ms)
			RebuildScriptCaches (21ms)
			SetupLoadedEditorAssemblies (170ms)
				LogAssemblyErrors (0ms)
				InitializePlatformSupportModulesInManaged (5ms)
				SetLoadedEditorAssemblies (0ms)
				RefreshPlugins (32ms)
				BeforeProcessingInitializeOnLoad (1ms)
				ProcessInitializeOnLoadAttributes (95ms)
				ProcessInitializeOnLoadMethodAttributes (35ms)
				AfterProcessingInitializeOnLoad (0ms)
				EditorAssembliesLoaded (0ms)
			ExecutionOrderSort2 (0ms)
			AwakeInstancesAfterBackupRestoration (0ms)
Platform modules already initialized, skipping
Registering precompiled user dll's ...
Registered in 0.003982 seconds.
Begin MonoManager ReloadAssembly
Native extension for WindowsStandalone target not found
Refreshing native plugins compatible for Editor in 33.22 ms, found 3 plugins.
Preloading 0 native plugins for Editor in 0.00 ms.
Mono: successfully reloaded assembly
- Completed reload, in  0.790 seconds
Domain Reload Profiling:
	ReloadAssembly (791ms)
		BeginReloadAssembly (98ms)
			ExecutionOrderSort (0ms)
			DisableScriptedObjects (5ms)
			BackupInstance (0ms)
			ReleaseScriptingObjects (0ms)
			CreateAndSetChildDomain (17ms)
		EndReloadAssembly (611ms)
			LoadAssemblies (80ms)
			RebuildTransferFunctionScriptingTraits (0ms)
			SetupTypeCache (148ms)
			ReleaseScriptCaches (0ms)
			RebuildScriptCaches (44ms)
			SetupLoadedEditorAssemblies (317ms)
				LogAssemblyErrors (0ms)
				InitializePlatformSupportModulesInManaged (3ms)
				SetLoadedEditorAssemblies (0ms)
				RefreshPlugins (33ms)
				BeforeProcessingInitializeOnLoad (56ms)
				ProcessInitializeOnLoadAttributes (187ms)
				ProcessInitializeOnLoadMethodAttributes (36ms)
				AfterProcessingInitializeOnLoad (2ms)
				EditorAssembliesLoaded (0ms)
			ExecutionOrderSort2 (0ms)
			AwakeInstancesAfterBackupRestoration (5ms)
Platform modules already initialized, skipping
========================================================================
Worker process is ready to serve import requests
Launched and connected shader compiler UnityShaderCompiler.exe after 0.26 seconds
Refreshing native plugins compatible for Editor in 0.51 ms, found 3 plugins.
Preloading 0 native plugins for Editor in 0.00 ms.
Unloading 2624 Unused Serialized files (Serialized files now loaded: 0)
Unloading 47 unused Assets / (128.3 KB). Loaded Objects now: 3082.
Memory consumption went from 114.6 MB to 114.4 MB.
Total: 3.306300 ms (FindLiveObjects: 0.198500 ms CreateObjectMapping: 0.115900 ms MarkObjects: 2.923500 ms  DeleteObjects: 0.067600 ms)

AssetImportParameters requested are different than current active one (requested -> active):
  custom:video-decoder-ogg-theora: a1e56fd34408186e4bbccfd4996cb3dc -> 
  custom:container-muxer-webm: aa71ff27fc2769a1b78a27578f13a17b -> 
  custom:container-demuxer-webm: 4f35f7cbe854078d1ac9338744f61a02 -> 
  custom:video-encoder-webm-vp8: eb34c28f22e8b96e1ab97ce403110664 -> 
  custom:audio-encoder-webm-vorbis: bf7c407c2cedff20999df2af8eb42d56 -> 
  custom:framework-win-MediaFoundation: 216162199b28c13a410421893ffa2e32 -> 
  custom:container-demuxer-ogg: 62fdf1f143b41e24485cea50d1cbac27 -> 
  custom:video-decoder-webm-vp8: 9c59270c3fd7afecdb556c50c9e8de78 -> 
  custom:audio-decoder-ogg-vorbis: bf7c407c2cedff20999df2af8eb42d56 -> 
========================================================================
Received Prepare
Registering precompiled user dll's ...
Registered in 0.004064 seconds.
Begin MonoManager ReloadAssembly
Native extension for WindowsStandalone target not found
Refreshing native plugins compatible for Editor in 0.59 ms, found 3 plugins.
Preloading 0 native plugins for Editor in 0.00 ms.
Mono: successfully reloaded assembly
- Completed reload, in  0.756 seconds
Domain Reload Profiling:
	ReloadAssembly (759ms)
		BeginReloadAssembly (127ms)
			ExecutionOrderSort (0ms)
			DisableScriptedObjects (5ms)
			BackupInstance (0ms)
			ReleaseScriptingObjects (0ms)
			CreateAndSetChildDomain (35ms)
		EndReloadAssembly (561ms)
			LoadAssemblies (90ms)
			RebuildTransferFunctionScriptingTraits (0ms)
			SetupTypeCache (149ms)
			ReleaseScriptCaches (1ms)
			RebuildScriptCaches (32ms)
			SetupLoadedEditorAssemblies (268ms)
				LogAssemblyErrors (0ms)
				InitializePlatformSupportModulesInManaged (9ms)
				SetLoadedEditorAssemblies (0ms)
				RefreshPlugins (1ms)
				BeforeProcessingInitializeOnLoad (45ms)
				ProcessInitializeOnLoadAttributes (181ms)
				ProcessInitializeOnLoadMethodAttributes (31ms)
				AfterProcessingInitializeOnLoad (2ms)
				EditorAssembliesLoaded (0ms)
			ExecutionOrderSort2 (0ms)
			AwakeInstancesAfterBackupRestoration (8ms)
Platform modules already initialized, skipping
Refreshing native plugins compatible for Editor in 1.45 ms, found 3 plugins.
Preloading 0 native plugins for Editor in 0.00 ms.
Unloading 2613 Unused Serialized files (Serialized files now loaded: 0)
Unloading 22 unused Assets / (95.3 KB). Loaded Objects now: 3097.
Memory consumption went from 113.9 MB to 113.8 MB.
Total: 2.889100 ms (FindLiveObjects: 0.157200 ms CreateObjectMapping: 0.057600 ms MarkObjects: 2.640200 ms  DeleteObjects: 0.033700 ms)

AssetImportParameters requested are different than current active one (requested -> active):
  custom:video-decoder-ogg-theora: a1e56fd34408186e4bbccfd4996cb3dc -> 
  custom:container-muxer-webm: aa71ff27fc2769a1b78a27578f13a17b -> 
  custom:container-demuxer-webm: 4f35f7cbe854078d1ac9338744f61a02 -> 
  custom:video-encoder-webm-vp8: eb34c28f22e8b96e1ab97ce403110664 -> 
  custom:audio-encoder-webm-vorbis: bf7c407c2cedff20999df2af8eb42d56 -> 
  custom:framework-win-MediaFoundation: 216162199b28c13a410421893ffa2e32 -> 
  custom:container-demuxer-ogg: 62fdf1f143b41e24485cea50d1cbac27 -> 
  custom:video-decoder-webm-vp8: 9c59270c3fd7afecdb556c50c9e8de78 -> 
  custom:audio-decoder-ogg-vorbis: bf7c407c2cedff20999df2af8eb42d56 -> 
========================================================================
Received Prepare
Registering precompiled user dll's ...
Registered in 0.004469 seconds.
Begin MonoManager ReloadAssembly
Native extension for WindowsStandalone target not found
Refreshing native plugins compatible for Editor in 0.59 ms, found 3 plugins.
Preloading 0 native plugins for Editor in 0.00 ms.
Mono: successfully reloaded assembly
- Completed reload, in  0.733 seconds
Domain Reload Profiling:
	ReloadAssembly (734ms)
		BeginReloadAssembly (118ms)
			ExecutionOrderSort (0ms)
			DisableScriptedObjects (5ms)
			BackupInstance (0ms)
			ReleaseScriptingObjects (0ms)
			CreateAndSetChildDomain (32ms)
		EndReloadAssembly (548ms)
			LoadAssemblies (81ms)
			RebuildTransferFunctionScriptingTraits (0ms)
			SetupTypeCache (146ms)
			ReleaseScriptCaches (1ms)
			RebuildScriptCaches (35ms)
			SetupLoadedEditorAssemblies (267ms)
				LogAssemblyErrors (0ms)
				InitializePlatformSupportModulesInManaged (10ms)
				SetLoadedEditorAssemblies (0ms)
				RefreshPlugins (1ms)
				BeforeProcessingInitializeOnLoad (43ms)
				ProcessInitializeOnLoadAttributes (180ms)
				ProcessInitializeOnLoadMethodAttributes (31ms)
				AfterProcessingInitializeOnLoad (2ms)
				EditorAssembliesLoaded (0ms)
			ExecutionOrderSort2 (0ms)
			AwakeInstancesAfterBackupRestoration (8ms)
Platform modules already initialized, skipping
Refreshing native plugins compatible for Editor in 1.49 ms, found 3 plugins.
Preloading 0 native plugins for Editor in 0.00 ms.
Unloading 2613 Unused Serialized files (Serialized files now loaded: 0)
Unloading 22 unused Assets / (95.4 KB). Loaded Objects now: 3112.
Memory consumption went from 113.9 MB to 113.8 MB.
Total: 2.856700 ms (FindLiveObjects: 0.192600 ms CreateObjectMapping: 0.096100 ms MarkObjects: 2.536100 ms  DeleteObjects: 0.031100 ms)

AssetImportParameters requested are different than current active one (requested -> active):
  custom:video-decoder-ogg-theora: a1e56fd34408186e4bbccfd4996cb3dc -> 
  custom:container-muxer-webm: aa71ff27fc2769a1b78a27578f13a17b -> 
  custom:container-demuxer-webm: 4f35f7cbe854078d1ac9338744f61a02 -> 
  custom:video-encoder-webm-vp8: eb34c28f22e8b96e1ab97ce403110664 -> 
  custom:audio-encoder-webm-vorbis: bf7c407c2cedff20999df2af8eb42d56 -> 
  custom:framework-win-MediaFoundation: 216162199b28c13a410421893ffa2e32 -> 
  custom:container-demuxer-ogg: 62fdf1f143b41e24485cea50d1cbac27 -> 
  custom:video-decoder-webm-vp8: 9c59270c3fd7afecdb556c50c9e8de78 -> 
  custom:audio-decoder-ogg-vorbis: bf7c407c2cedff20999df2af8eb42d56 -> 
========================================================================
Received Prepare
Registering precompiled user dll's ...
Registered in 0.005450 seconds.
Begin MonoManager ReloadAssembly
Native extension for WindowsStandalone target not found
Refreshing native plugins compatible for Editor in 1.02 ms, found 3 plugins.
Preloading 0 native plugins for Editor in 0.00 ms.
Mono: successfully reloaded assembly
- Completed reload, in  0.747 seconds
Domain Reload Profiling:
	ReloadAssembly (748ms)
		BeginReloadAssembly (120ms)
			ExecutionOrderSort (0ms)
			DisableScriptedObjects (5ms)
			BackupInstance (0ms)
			ReleaseScriptingObjects (0ms)
			CreateAndSetChildDomain (32ms)
		EndReloadAssembly (559ms)
			LoadAssemblies (87ms)
			RebuildTransferFunctionScriptingTraits (0ms)
			SetupTypeCache (156ms)
			ReleaseScriptCaches (1ms)
			RebuildScriptCaches (33ms)
			SetupLoadedEditorAssemblies (269ms)
				LogAssemblyErrors (0ms)
				InitializePlatformSupportModulesInManaged (10ms)
				SetLoadedEditorAssemblies (1ms)
				RefreshPlugins (1ms)
				BeforeProcessingInitializeOnLoad (42ms)
				ProcessInitializeOnLoadAttributes (181ms)
				ProcessInitializeOnLoadMethodAttributes (32ms)
				AfterProcessingInitializeOnLoad (2ms)
				EditorAssembliesLoaded (0ms)
			ExecutionOrderSort2 (0ms)
			AwakeInstancesAfterBackupRestoration (7ms)
Platform modules already initialized, skipping
Refreshing native plugins compatible for Editor in 1.53 ms, found 3 plugins.
Preloading 0 native plugins for Editor in 0.00 ms.
Unloading 2613 Unused Serialized files (Serialized files now loaded: 0)
Unloading 22 unused Assets / (95.4 KB). Loaded Objects now: 3127.
Memory consumption went from 113.9 MB to 113.9 MB.
Total: 2.935800 ms (FindLiveObjects: 0.188500 ms CreateObjectMapping: 0.061400 ms MarkObjects: 2.650300 ms  DeleteObjects: 0.034900 ms)

AssetImportParameters requested are different than current active one (requested -> active):
  custom:video-decoder-ogg-theora: a1e56fd34408186e4bbccfd4996cb3dc -> 
  custom:container-muxer-webm: aa71ff27fc2769a1b78a27578f13a17b -> 
  custom:container-demuxer-webm: 4f35f7cbe854078d1ac9338744f61a02 -> 
  custom:video-encoder-webm-vp8: eb34c28f22e8b96e1ab97ce403110664 -> 
  custom:audio-encoder-webm-vorbis: bf7c407c2cedff20999df2af8eb42d56 -> 
  custom:framework-win-MediaFoundation: 216162199b28c13a410421893ffa2e32 -> 
  custom:container-demuxer-ogg: 62fdf1f143b41e24485cea50d1cbac27 -> 
  custom:video-decoder-webm-vp8: 9c59270c3fd7afecdb556c50c9e8de78 -> 
  custom:audio-decoder-ogg-vorbis: bf7c407c2cedff20999df2af8eb42d56 -> 
========================================================================
Received Import Request.
  Time since last request: 203402.291552 seconds.
  path: Assets/Tileset/Coffee_Rush-Tileset_0.asset
  artifactKey: Guid(723c2ebdae0fe9c4eb57fd41fbf89770) Importer(815301076,1909f56bfc062723c751e8b465ee728b)
Start importing Assets/Tileset/Coffee_Rush-Tileset_0.asset using Guid(723c2ebdae0fe9c4eb57fd41fbf89770) Importer(815301076,1909f56bfc062723c751e8b465ee728b)  -> (artifact id: 'c7f13e3be965c17d085293d5f14d5fe7') in 0.066322 seconds 
========================================================================
Received Import Request.
  Time since last request: 0.000021 seconds.
  path: Assets/Tileset/Coffee_Rush-Tileset_5.asset
  artifactKey: Guid(e04d753f39791874d9fdb57aa1e6a536) Importer(815301076,1909f56bfc062723c751e8b465ee728b)
Start importing Assets/Tileset/Coffee_Rush-Tileset_5.asset using Guid(e04d753f39791874d9fdb57aa1e6a536) Importer(815301076,1909f56bfc062723c751e8b465ee728b)  -> (artifact id: 'aaf5ac2d0c1dd83513e4acfa8ce1f933') in 0.016021 seconds 
========================================================================
Received Import Request.
  Time since last request: 0.000023 seconds.
  path: Assets/Tileset/Coffee_Rush-Tileset_19.asset
  artifactKey: Guid(7aa2f29a537c1ac43ae8acd0d4b21a55) Importer(815301076,1909f56bfc062723c751e8b465ee728b)
Start importing Assets/Tileset/Coffee_Rush-Tileset_19.asset using Guid(7aa2f29a537c1ac43ae8acd0d4b21a55) Importer(815301076,1909f56bfc062723c751e8b465ee728b)  -> (artifact id: '75e26c8b7796c5a58ce42982697b20f9') in 0.022761 seconds 
========================================================================
Received Import Request.
  Time since last request: 0.000018 seconds.
  path: Assets/Tileset/Coffee_Rush-Tileset_26.asset
  artifactKey: Guid(9ba573043e20dc84487cb4cdb9796bc3) Importer(815301076,1909f56bfc062723c751e8b465ee728b)
Start importing Assets/Tileset/Coffee_Rush-Tileset_26.asset using Guid(9ba573043e20dc84487cb4cdb9796bc3) Importer(815301076,1909f56bfc062723c751e8b465ee728b)  -> (artifact id: '236e0d3d709e1facaa7ab3877cbfc35f') in 0.011910 seconds 
========================================================================
Received Import Request.
  Time since last request: 0.000018 seconds.
  path: Assets/Tileset/Coffee_Rush-Tileset_1.asset
  artifactKey: Guid(08f9640c9af37554ea7bd94f98c802d4) Importer(815301076,1909f56bfc062723c751e8b465ee728b)
Start importing Assets/Tileset/Coffee_Rush-Tileset_1.asset using Guid(08f9640c9af37554ea7bd94f98c802d4) Importer(815301076,1909f56bfc062723c751e8b465ee728b)  -> (artifact id: 'bf756e4ee5600023a142d2021dd4e421') in 0.011729 seconds 
========================================================================
Received Import Request.
  Time since last request: 0.000014 seconds.
  path: Assets/Tileset/Coffee_Rush-Tileset_23.asset
  artifactKey: Guid(ecd2b9ad377600f48b4856a4a3f9e433) Importer(815301076,1909f56bfc062723c751e8b465ee728b)
Start importing Assets/Tileset/Coffee_Rush-Tileset_23.asset using Guid(ecd2b9ad377600f48b4856a4a3f9e433) Importer(815301076,1909f56bfc062723c751e8b465ee728b)  -> (artifact id: 'e56829db83cfdb316643d445e9793892') in 0.012017 seconds 
========================================================================
Received Import Request.
  Time since last request: 0.000015 seconds.
  path: Assets/Tileset/Coffee_Rush-Tileset_33.asset
  artifactKey: Guid(4d402b0a2eb90464e8bb0717e7101ef4) Importer(815301076,1909f56bfc062723c751e8b465ee728b)
Start importing Assets/Tileset/Coffee_Rush-Tileset_33.asset using Guid(4d402b0a2eb90464e8bb0717e7101ef4) Importer(815301076,1909f56bfc062723c751e8b465ee728b)  -> (artifact id: 'be6875a766a8f2f45aabbab20b8b9a6f') in 0.009059 seconds 
========================================================================
Received Import Request.
  Time since last request: 0.000016 seconds.
  path: Assets/Tileset/Coffee_Rush-Tileset_12.asset
  artifactKey: Guid(539c1fd8ae205184c9bb3493d8044903) Importer(815301076,1909f56bfc062723c751e8b465ee728b)
Start importing Assets/Tileset/Coffee_Rush-Tileset_12.asset using Guid(539c1fd8ae205184c9bb3493d8044903) Importer(815301076,1909f56bfc062723c751e8b465ee728b)  -> (artifact id: '46c37a9b165179d43db5766d55c4099a') in 0.010932 seconds 
========================================================================
Received Import Request.
  Time since last request: 0.000014 seconds.
  path: Assets/Tileset/Coffee_Rush-Tileset_29.asset
  artifactKey: Guid(6e1c83302dfacc5459e1c97da51738be) Importer(815301076,1909f56bfc062723c751e8b465ee728b)
Start importing Assets/Tileset/Coffee_Rush-Tileset_29.asset using Guid(6e1c83302dfacc5459e1c97da51738be) Importer(815301076,1909f56bfc062723c751e8b465ee728b)  -> (artifact id: 'bebb87f5fdda2a695ee0628e69b98840') in 0.010427 seconds 
========================================================================
Received Import Request.
  Time since last request: 0.000016 seconds.
  path: Assets/Tileset/Coffee_Rush-Tileset_7.asset
  artifactKey: Guid(66df8da35023e7849b2daf53fa6c53dd) Importer(815301076,1909f56bfc062723c751e8b465ee728b)
Start importing Assets/Tileset/Coffee_Rush-Tileset_7.asset using Guid(66df8da35023e7849b2daf53fa6c53dd) Importer(815301076,1909f56bfc062723c751e8b465ee728b)  -> (artifact id: 'af8d5354b69d3eecffce0211ebda75a0') in 0.008074 seconds 
========================================================================
Received Import Request.
  Time since last request: 0.000017 seconds.
  path: Assets/Tileset/Coffee_Rush-Tileset_21.asset
  artifactKey: Guid(fd9c148e7d17e7a42b265f4bca99853e) Importer(815301076,1909f56bfc062723c751e8b465ee728b)
Start importing Assets/Tileset/Coffee_Rush-Tileset_21.asset using Guid(fd9c148e7d17e7a42b265f4bca99853e) Importer(815301076,1909f56bfc062723c751e8b465ee728b)  -> (artifact id: '053c36993d88f2b44eea26bd0224e34c') in 0.009744 seconds 
========================================================================
Received Import Request.
  Time since last request: 0.000016 seconds.
  path: Assets/Tileset/Coffee_Rush-Tileset_25.asset
  artifactKey: Guid(ced93c58813e2414c88f2a2b65d0b2ce) Importer(815301076,1909f56bfc062723c751e8b465ee728b)
Start importing Assets/Tileset/Coffee_Rush-Tileset_25.asset using Guid(ced93c58813e2414c88f2a2b65d0b2ce) Importer(815301076,1909f56bfc062723c751e8b465ee728b)  -> (artifact id: '68d35178320b8a5abe2cbeeeabb41488') in 0.008770 seconds 
========================================================================
Received Import Request.
  Time since last request: 0.000016 seconds.
  path: Assets/Tileset/Coffee_Rush-Tileset_38.asset
  artifactKey: Guid(ac2d8fe89e102c94691ebd4808dfe149) Importer(815301076,1909f56bfc062723c751e8b465ee728b)
Start importing Assets/Tileset/Coffee_Rush-Tileset_38.asset using Guid(ac2d8fe89e102c94691ebd4808dfe149) Importer(815301076,1909f56bfc062723c751e8b465ee728b)  -> (artifact id: '5b22cbe6e14d7998b3e7a9a3392e0181') in 0.011125 seconds 
========================================================================
Received Import Request.
  Time since last request: 0.000018 seconds.
  path: Assets/Tileset/Coffee_Rush-Tileset_10.asset
  artifactKey: Guid(884335a24b6f2644ebb9c1f51e6a9163) Importer(815301076,1909f56bfc062723c751e8b465ee728b)
Start importing Assets/Tileset/Coffee_Rush-Tileset_10.asset using Guid(884335a24b6f2644ebb9c1f51e6a9163) Importer(815301076,1909f56bfc062723c751e8b465ee728b)  -> (artifact id: 'cd8eaf3725896af89fa98b18fd9f9f3a') in 0.009158 seconds 
========================================================================
Received Import Request.
  Time since last request: 0.000015 seconds.
  path: Assets/Tileset/Coffee_Rush-Tileset_4.asset
  artifactKey: Guid(1984c76f4b17427478c10f306f2a093f) Importer(815301076,1909f56bfc062723c751e8b465ee728b)
Start importing Assets/Tileset/Coffee_Rush-Tileset_4.asset using Guid(1984c76f4b17427478c10f306f2a093f) Importer(815301076,1909f56bfc062723c751e8b465ee728b)  -> (artifact id: '9304ef401464ffd7656a605923e1a329') in 0.010545 seconds 
========================================================================
Received Import Request.
  Time since last request: 0.000021 seconds.
  path: Assets/Tileset/Coffee_Rush-Tileset_22.asset
  artifactKey: Guid(f31fc632636824d449181d874b7622ae) Importer(815301076,1909f56bfc062723c751e8b465ee728b)
Start importing Assets/Tileset/Coffee_Rush-Tileset_22.asset using Guid(f31fc632636824d449181d874b7622ae) Importer(815301076,1909f56bfc062723c751e8b465ee728b)  -> (artifact id: '5352d4f66692a3c2be9cadb40f55fe77') in 0.012342 seconds 
========================================================================
Received Import Request.
  Time since last request: 0.000028 seconds.
  path: Assets/Tileset/Coffee_Rush-Tileset_20.asset
  artifactKey: Guid(4789d9676b8bf9640923d7e2dff8f9e5) Importer(815301076,1909f56bfc062723c751e8b465ee728b)
Start importing Assets/Tileset/Coffee_Rush-Tileset_20.asset using Guid(4789d9676b8bf9640923d7e2dff8f9e5) Importer(815301076,1909f56bfc062723c751e8b465ee728b)  -> (artifact id: 'af47a48da8393ab2f1eb482ae52c8d1c') in 0.007994 seconds 
========================================================================
Received Import Request.
  Time since last request: 0.000026 seconds.
  path: Assets/Tileset/Coffee_Rush-Tileset_43.asset
  artifactKey: Guid(5e9a65465d32355459133b809e60a7ed) Importer(815301076,1909f56bfc062723c751e8b465ee728b)
Start importing Assets/Tileset/Coffee_Rush-Tileset_43.asset using Guid(5e9a65465d32355459133b809e60a7ed) Importer(815301076,1909f56bfc062723c751e8b465ee728b)  -> (artifact id: '71af49812921b94dd4b291661e248efe') in 0.008022 seconds 
========================================================================
Received Import Request.
  Time since last request: 0.000023 seconds.
  path: Assets/Tileset/Coffee_Rush-Tileset_28.asset
  artifactKey: Guid(68e55b7755597fb4ea7e35da44f67a73) Importer(815301076,1909f56bfc062723c751e8b465ee728b)
Start importing Assets/Tileset/Coffee_Rush-Tileset_28.asset using Guid(68e55b7755597fb4ea7e35da44f67a73) Importer(815301076,1909f56bfc062723c751e8b465ee728b)  -> (artifact id: 'eee57105e2d1407a1f9851f212d272a7') in 0.007873 seconds 
========================================================================
Received Import Request.
  Time since last request: 0.000016 seconds.
  path: Assets/Tileset/Coffee_Rush-Tileset_11.asset
  artifactKey: Guid(57b45ea722da9e248ada4ec41da22c6b) Importer(815301076,1909f56bfc062723c751e8b465ee728b)
Start importing Assets/Tileset/Coffee_Rush-Tileset_11.asset using Guid(57b45ea722da9e248ada4ec41da22c6b) Importer(815301076,1909f56bfc062723c751e8b465ee728b)  -> (artifact id: '93cc159f9e79a30e57c2608bae0ebbd4') in 0.008655 seconds 
========================================================================
Received Import Request.
  Time since last request: 0.000016 seconds.
  path: Assets/Tileset/Coffee_Rush-Tileset_30.asset
  artifactKey: Guid(eb38c8f8f89184942ac324e380fd3ffb) Importer(815301076,1909f56bfc062723c751e8b465ee728b)
Start importing Assets/Tileset/Coffee_Rush-Tileset_30.asset using Guid(eb38c8f8f89184942ac324e380fd3ffb) Importer(815301076,1909f56bfc062723c751e8b465ee728b)  -> (artifact id: '435ab527eb824b2b884474df66a84027') in 0.009200 seconds 
========================================================================
Received Import Request.
  Time since last request: 0.000022 seconds.
  path: Assets/Tileset/Coffee_Rush-Tileset_6.asset
  artifactKey: Guid(bc88e4142cc31194b99a5a4bae91b44c) Importer(815301076,1909f56bfc062723c751e8b465ee728b)
Start importing Assets/Tileset/Coffee_Rush-Tileset_6.asset using Guid(bc88e4142cc31194b99a5a4bae91b44c) Importer(815301076,1909f56bfc062723c751e8b465ee728b)  -> (artifact id: '1124778b8b20ff0c6331f26bc9362f30') in 0.009427 seconds 
========================================================================
Received Import Request.
  Time since last request: 0.000017 seconds.
  path: Assets/Tileset/Coffee_Rush-Tileset_9.asset
  artifactKey: Guid(cea703246b500f4458f42448f0b9c04c) Importer(815301076,1909f56bfc062723c751e8b465ee728b)
Start importing Assets/Tileset/Coffee_Rush-Tileset_9.asset using Guid(cea703246b500f4458f42448f0b9c04c) Importer(815301076,1909f56bfc062723c751e8b465ee728b)  -> (artifact id: '40173755c08ddc73320ce4ae218b0329') in 0.008898 seconds 
========================================================================
Received Import Request.
  Time since last request: 0.000016 seconds.
  path: Assets/Tileset/Coffee_Rush-Tileset_35.asset
  artifactKey: Guid(d87faa924fcd6df4095a3fa2fe72e5cb) Importer(815301076,1909f56bfc062723c751e8b465ee728b)
Start importing Assets/Tileset/Coffee_Rush-Tileset_35.asset using Guid(d87faa924fcd6df4095a3fa2fe72e5cb) Importer(815301076,1909f56bfc062723c751e8b465ee728b)  -> (artifact id: '852888ba53f5be2ee77648f89a27f4f6') in 0.010837 seconds 
========================================================================
Received Import Request.
  Time since last request: 0.000026 seconds.
  path: Assets/Tileset/Coffee_Rush-Tileset_3.asset
  artifactKey: Guid(4ad744ddff6d8374299e72fc859d250d) Importer(815301076,1909f56bfc062723c751e8b465ee728b)
Start importing Assets/Tileset/Coffee_Rush-Tileset_3.asset using Guid(4ad744ddff6d8374299e72fc859d250d) Importer(815301076,1909f56bfc062723c751e8b465ee728b)  -> (artifact id: '8bf7f8be8f537267a6c896f76ea72467') in 0.009360 seconds 
========================================================================
Received Import Request.
  Time since last request: 0.000016 seconds.
  path: Assets/Tileset/Coffee_Rush-Tileset_18.asset
  artifactKey: Guid(2a22b37d0bc649c4fb2c5c01de2a2388) Importer(815301076,1909f56bfc062723c751e8b465ee728b)
Start importing Assets/Tileset/Coffee_Rush-Tileset_18.asset using Guid(2a22b37d0bc649c4fb2c5c01de2a2388) Importer(815301076,1909f56bfc062723c751e8b465ee728b)  -> (artifact id: '0239d3cd7ad9e287af26a6a3c2117287') in 0.010153 seconds 
========================================================================
Received Import Request.
  Time since last request: 0.000015 seconds.
  path: Assets/Tileset/Coffee_Rush-Tileset_42.asset
  artifactKey: Guid(7207894591ffff24cac0eb45429a65f3) Importer(815301076,1909f56bfc062723c751e8b465ee728b)
Start importing Assets/Tileset/Coffee_Rush-Tileset_42.asset using Guid(7207894591ffff24cac0eb45429a65f3) Importer(815301076,1909f56bfc062723c751e8b465ee728b)  -> (artifact id: 'e3f8cad54583a84fc87794f459b2640f') in 0.010963 seconds 
========================================================================
Received Import Request.
  Time since last request: 0.000018 seconds.
  path: Assets/Tileset/Environment.prefab
  artifactKey: Guid(74c429d7a44055a418f3e5725ea3fa36) Importer(815301076,1909f56bfc062723c751e8b465ee728b)
Start importing Assets/Tileset/Environment.prefab using Guid(74c429d7a44055a418f3e5725ea3fa36) Importer(815301076,1909f56bfc062723c751e8b465ee728b)  -> (artifact id: '7063b153cb50639e5aca1d0046a75c44') in 0.064383 seconds 
========================================================================
Received Import Request.
  Time since last request: 264.626329 seconds.
  path: Assets/Tileset/Coffee_Rush-Tileset_0.asset
  artifactKey: Guid(723c2ebdae0fe9c4eb57fd41fbf89770) Importer(815301076,1909f56bfc062723c751e8b465ee728b)
Start importing Assets/Tileset/Coffee_Rush-Tileset_0.asset using Guid(723c2ebdae0fe9c4eb57fd41fbf89770) Importer(815301076,1909f56bfc062723c751e8b465ee728b)  -> (artifact id: '378c76cc97aad6dcf743c2ddd3377f34') in 0.021506 seconds 
========================================================================
Received Import Request.
  Time since last request: 0.000019 seconds.
  path: Assets/Tileset/Coffee_Rush-Tileset_5.asset
  artifactKey: Guid(e04d753f39791874d9fdb57aa1e6a536) Importer(815301076,1909f56bfc062723c751e8b465ee728b)
Start importing Assets/Tileset/Coffee_Rush-Tileset_5.asset using Guid(e04d753f39791874d9fdb57aa1e6a536) Importer(815301076,1909f56bfc062723c751e8b465ee728b)  -> (artifact id: '5782975fff120d3385cc370cc4ba7997') in 0.006037 seconds 
========================================================================
Received Import Request.
  Time since last request: 0.000015 seconds.
  path: Assets/Tileset/Coffee_Rush-Tileset_19.asset
  artifactKey: Guid(7aa2f29a537c1ac43ae8acd0d4b21a55) Importer(815301076,1909f56bfc062723c751e8b465ee728b)
Start importing Assets/Tileset/Coffee_Rush-Tileset_19.asset using Guid(7aa2f29a537c1ac43ae8acd0d4b21a55) Importer(815301076,1909f56bfc062723c751e8b465ee728b)  -> (artifact id: '817f10d94579a8942f1552e88acc58f4') in 0.005879 seconds 
========================================================================
Received Import Request.
  Time since last request: 0.000018 seconds.
  path: Assets/Tileset/Coffee_Rush-Tileset_26.asset
  artifactKey: Guid(9ba573043e20dc84487cb4cdb9796bc3) Importer(815301076,1909f56bfc062723c751e8b465ee728b)
Start importing Assets/Tileset/Coffee_Rush-Tileset_26.asset using Guid(9ba573043e20dc84487cb4cdb9796bc3) Importer(815301076,1909f56bfc062723c751e8b465ee728b)  -> (artifact id: 'ba31a7153e31731294727d03b420cffd') in 0.005214 seconds 
========================================================================
Received Import Request.
  Time since last request: 0.000016 seconds.
  path: Assets/Tileset/Coffee_Rush-Tileset_1.asset
  artifactKey: Guid(08f9640c9af37554ea7bd94f98c802d4) Importer(815301076,1909f56bfc062723c751e8b465ee728b)
Start importing Assets/Tileset/Coffee_Rush-Tileset_1.asset using Guid(08f9640c9af37554ea7bd94f98c802d4) Importer(815301076,1909f56bfc062723c751e8b465ee728b)  -> (artifact id: '3195b7784e650190c59b68c57e0baf00') in 0.005139 seconds 
========================================================================
Received Import Request.
  Time since last request: 0.000015 seconds.
  path: Assets/Tileset/Coffee_Rush-Tileset_23.asset
  artifactKey: Guid(ecd2b9ad377600f48b4856a4a3f9e433) Importer(815301076,1909f56bfc062723c751e8b465ee728b)
Start importing Assets/Tileset/Coffee_Rush-Tileset_23.asset using Guid(ecd2b9ad377600f48b4856a4a3f9e433) Importer(815301076,1909f56bfc062723c751e8b465ee728b)  -> (artifact id: '51fb0eac049b881d6c9acb53481199b3') in 0.005508 seconds 
========================================================================
Received Import Request.
  Time since last request: 0.000015 seconds.
  path: Assets/Tileset/Coffee_Rush-Tileset_33.asset
  artifactKey: Guid(4d402b0a2eb90464e8bb0717e7101ef4) Importer(815301076,1909f56bfc062723c751e8b465ee728b)
Start importing Assets/Tileset/Coffee_Rush-Tileset_33.asset using Guid(4d402b0a2eb90464e8bb0717e7101ef4) Importer(815301076,1909f56bfc062723c751e8b465ee728b)  -> (artifact id: '9c1a85e41f41e1c0ac05f205c88412c4') in 0.006646 seconds 
========================================================================
Received Import Request.
  Time since last request: 0.000015 seconds.
  path: Assets/Tileset/Coffee_Rush-Tileset_12.asset
  artifactKey: Guid(539c1fd8ae205184c9bb3493d8044903) Importer(815301076,1909f56bfc062723c751e8b465ee728b)
Start importing Assets/Tileset/Coffee_Rush-Tileset_12.asset using Guid(539c1fd8ae205184c9bb3493d8044903) Importer(815301076,1909f56bfc062723c751e8b465ee728b)  -> (artifact id: 'deda980e31659cc398439b352a95bad7') in 0.007077 seconds 
========================================================================
Received Import Request.
  Time since last request: 0.000021 seconds.
  path: Assets/Tileset/Coffee_Rush-Tileset_29.asset
  artifactKey: Guid(6e1c83302dfacc5459e1c97da51738be) Importer(815301076,1909f56bfc062723c751e8b465ee728b)
Start importing Assets/Tileset/Coffee_Rush-Tileset_29.asset using Guid(6e1c83302dfacc5459e1c97da51738be) Importer(815301076,1909f56bfc062723c751e8b465ee728b)  -> (artifact id: 'c9450bfa600ad3125d6ef2c5aa34ef7f') in 0.005537 seconds 
========================================================================
Received Import Request.
  Time since last request: 0.000016 seconds.
  path: Assets/Tileset/Coffee_Rush-Tileset_7.asset
  artifactKey: Guid(66df8da35023e7849b2daf53fa6c53dd) Importer(815301076,1909f56bfc062723c751e8b465ee728b)
Start importing Assets/Tileset/Coffee_Rush-Tileset_7.asset using Guid(66df8da35023e7849b2daf53fa6c53dd) Importer(815301076,1909f56bfc062723c751e8b465ee728b)  -> (artifact id: '6d1484c6fef2ddb982ee5c846d8e9963') in 0.005157 seconds 
========================================================================
Received Import Request.
  Time since last request: 0.000017 seconds.
  path: Assets/Tileset/Coffee_Rush-Tileset_25.asset
  artifactKey: Guid(ced93c58813e2414c88f2a2b65d0b2ce) Importer(815301076,1909f56bfc062723c751e8b465ee728b)
Start importing Assets/Tileset/Coffee_Rush-Tileset_25.asset using Guid(ced93c58813e2414c88f2a2b65d0b2ce) Importer(815301076,1909f56bfc062723c751e8b465ee728b)  -> (artifact id: '15153042d367e80264b29dee3e7453f8') in 0.005154 seconds 
========================================================================
Received Import Request.
  Time since last request: 0.000021 seconds.
  path: Assets/Tileset/Coffee_Rush-Tileset_31.asset
  artifactKey: Guid(66cf02324f1a9684a8442b02e5440e2b) Importer(815301076,1909f56bfc062723c751e8b465ee728b)
Start importing Assets/Tileset/Coffee_Rush-Tileset_31.asset using Guid(66cf02324f1a9684a8442b02e5440e2b) Importer(815301076,1909f56bfc062723c751e8b465ee728b)  -> (artifact id: '096bb0f644ed94090d9b586130a09d30') in 0.005279 seconds 
========================================================================
Received Import Request.
  Time since last request: 0.000014 seconds.
  path: Assets/Tileset/Coffee_Rush-Tileset_4.asset
  artifactKey: Guid(1984c76f4b17427478c10f306f2a093f) Importer(815301076,1909f56bfc062723c751e8b465ee728b)
Start importing Assets/Tileset/Coffee_Rush-Tileset_4.asset using Guid(1984c76f4b17427478c10f306f2a093f) Importer(815301076,1909f56bfc062723c751e8b465ee728b)  -> (artifact id: '7774a965f6b8fb717721aca35b31d23b') in 0.008827 seconds 
========================================================================
Received Import Request.
  Time since last request: 0.000018 seconds.
  path: Assets/Tileset/Coffee_Rush-Tileset_22.asset
  artifactKey: Guid(f31fc632636824d449181d874b7622ae) Importer(815301076,1909f56bfc062723c751e8b465ee728b)
Start importing Assets/Tileset/Coffee_Rush-Tileset_22.asset using Guid(f31fc632636824d449181d874b7622ae) Importer(815301076,1909f56bfc062723c751e8b465ee728b)  -> (artifact id: '15acf1576503ad330e5efa1bd3495407') in 0.005260 seconds 
========================================================================
Received Import Request.
  Time since last request: 0.000013 seconds.
  path: Assets/Tileset/Coffee_Rush-Tileset_20.asset
  artifactKey: Guid(4789d9676b8bf9640923d7e2dff8f9e5) Importer(815301076,1909f56bfc062723c751e8b465ee728b)
Start importing Assets/Tileset/Coffee_Rush-Tileset_20.asset using Guid(4789d9676b8bf9640923d7e2dff8f9e5) Importer(815301076,1909f56bfc062723c751e8b465ee728b)  -> (artifact id: '5f76c9c9084b883d098e072c77d89613') in 0.005487 seconds 
========================================================================
Received Import Request.
  Time since last request: 0.000016 seconds.
  path: Assets/Tileset/Coffee_Rush-Tileset_43.asset
  artifactKey: Guid(5e9a65465d32355459133b809e60a7ed) Importer(815301076,1909f56bfc062723c751e8b465ee728b)
Start importing Assets/Tileset/Coffee_Rush-Tileset_43.asset using Guid(5e9a65465d32355459133b809e60a7ed) Importer(815301076,1909f56bfc062723c751e8b465ee728b)  -> (artifact id: '8a6cc207c630bde9a50c333209464c7d') in 0.005169 seconds 
========================================================================
Received Import Request.
  Time since last request: 0.000017 seconds.
  path: Assets/Tileset/Coffee_Rush-Tileset_14.asset
  artifactKey: Guid(7f1f1ea9baa73234285c016ce369e576) Importer(815301076,1909f56bfc062723c751e8b465ee728b)
Start importing Assets/Tileset/Coffee_Rush-Tileset_14.asset using Guid(7f1f1ea9baa73234285c016ce369e576) Importer(815301076,1909f56bfc062723c751e8b465ee728b)  -> (artifact id: 'cf0ab87c528c6d807b2c56e08fe4ea76') in 0.008256 seconds 
========================================================================
Received Import Request.
  Time since last request: 0.000015 seconds.
  path: Assets/Tileset/Coffee_Rush-Tileset_32.asset
  artifactKey: Guid(d6bf4eb511ebea94aae0a0fc5b14a989) Importer(815301076,1909f56bfc062723c751e8b465ee728b)
Start importing Assets/Tileset/Coffee_Rush-Tileset_32.asset using Guid(d6bf4eb511ebea94aae0a0fc5b14a989) Importer(815301076,1909f56bfc062723c751e8b465ee728b)  -> (artifact id: '20ca6e21ba968103aadae8326bce596e') in 0.006476 seconds 
========================================================================
Received Import Request.
  Time since last request: 0.000015 seconds.
  path: Assets/Tileset/Coffee_Rush-Tileset_27.asset
  artifactKey: Guid(3ccdc62f5bc71894ba0d90f382646103) Importer(815301076,1909f56bfc062723c751e8b465ee728b)
Start importing Assets/Tileset/Coffee_Rush-Tileset_27.asset using Guid(3ccdc62f5bc71894ba0d90f382646103) Importer(815301076,1909f56bfc062723c751e8b465ee728b)  -> (artifact id: '5332fc58e4c3ebdad8f4277b9bab0793') in 0.006155 seconds 
========================================================================
Received Import Request.
  Time since last request: 0.000014 seconds.
  path: Assets/Tileset/Coffee_Rush-Tileset_6.asset
  artifactKey: Guid(bc88e4142cc31194b99a5a4bae91b44c) Importer(815301076,1909f56bfc062723c751e8b465ee728b)
Start importing Assets/Tileset/Coffee_Rush-Tileset_6.asset using Guid(bc88e4142cc31194b99a5a4bae91b44c) Importer(815301076,1909f56bfc062723c751e8b465ee728b)  -> (artifact id: 'b9d9dfa17f9958951c41d20d83ac0474') in 0.006464 seconds 
========================================================================
Received Import Request.
  Time since last request: 0.000015 seconds.
  path: Assets/Tileset/Coffee_Rush-Tileset_9.asset
  artifactKey: Guid(cea703246b500f4458f42448f0b9c04c) Importer(815301076,1909f56bfc062723c751e8b465ee728b)
Start importing Assets/Tileset/Coffee_Rush-Tileset_9.asset using Guid(cea703246b500f4458f42448f0b9c04c) Importer(815301076,1909f56bfc062723c751e8b465ee728b)  -> (artifact id: 'f22573bb4c32e79baefe3a0bfb4fe095') in 0.007274 seconds 
========================================================================
Received Import Request.
  Time since last request: 0.000016 seconds.
  path: Assets/Tileset/Coffee_Rush-Tileset_40.asset
  artifactKey: Guid(9a82f6c630248934db0388693e397df7) Importer(815301076,1909f56bfc062723c751e8b465ee728b)
Start importing Assets/Tileset/Coffee_Rush-Tileset_40.asset using Guid(9a82f6c630248934db0388693e397df7) Importer(815301076,1909f56bfc062723c751e8b465ee728b)  -> (artifact id: '5204d85d497bc4a00dd4b9599b31ab59') in 0.005344 seconds 
========================================================================
Received Import Request.
  Time since last request: 0.000017 seconds.
  path: Assets/Tileset/Coffee_Rush-Tileset_3.asset
  artifactKey: Guid(4ad744ddff6d8374299e72fc859d250d) Importer(815301076,1909f56bfc062723c751e8b465ee728b)
Start importing Assets/Tileset/Coffee_Rush-Tileset_3.asset using Guid(4ad744ddff6d8374299e72fc859d250d) Importer(815301076,1909f56bfc062723c751e8b465ee728b)  -> (artifact id: 'b6112522a4170b1a55598d49c0942025') in 0.008888 seconds 
========================================================================
Received Import Request.
  Time since last request: 0.000016 seconds.
  path: Assets/Tileset/Coffee_Rush-Tileset_36.asset
  artifactKey: Guid(d7f1fdc0c24efaa44b5efc066c79f060) Importer(815301076,1909f56bfc062723c751e8b465ee728b)
Start importing Assets/Tileset/Coffee_Rush-Tileset_36.asset using Guid(d7f1fdc0c24efaa44b5efc066c79f060) Importer(815301076,1909f56bfc062723c751e8b465ee728b)  -> (artifact id: 'fc753032eccbb96a4920e63e5f009771') in 0.006211 seconds 
========================================================================
Received Import Request.
  Time since last request: 0.000019 seconds.
  path: Assets/Tileset/Coffee_Rush-Tileset_15.asset
  artifactKey: Guid(c5abc02a5ae72e94b8bf5333e1d248f7) Importer(815301076,1909f56bfc062723c751e8b465ee728b)
Start importing Assets/Tileset/Coffee_Rush-Tileset_15.asset using Guid(c5abc02a5ae72e94b8bf5333e1d248f7) Importer(815301076,1909f56bfc062723c751e8b465ee728b)  -> (artifact id: '77380f74a0c8cca27b9cd0da01427de6') in 0.005174 seconds 
========================================================================
Received Import Request.
  Time since last request: 0.000013 seconds.
  path: Assets/Tileset/Environment.prefab
  artifactKey: Guid(74c429d7a44055a418f3e5725ea3fa36) Importer(815301076,1909f56bfc062723c751e8b465ee728b)
Start importing Assets/Tileset/Environment.prefab using Guid(74c429d7a44055a418f3e5725ea3fa36) Importer(815301076,1909f56bfc062723c751e8b465ee728b)  -> (artifact id: '94624fcf20e6e728b06f8f59ff571c57') in 0.022741 seconds 
========================================================================
Received Prepare
Registering precompiled user dll's ...
Registered in 0.004573 seconds.
Begin MonoManager ReloadAssembly
Native extension for WindowsStandalone target not found
Refreshing native plugins compatible for Editor in 0.61 ms, found 3 plugins.
Preloading 0 native plugins for Editor in 0.00 ms.
Mono: successfully reloaded assembly
- Completed reload, in  0.843 seconds
Domain Reload Profiling:
	ReloadAssembly (844ms)
		BeginReloadAssembly (187ms)
			ExecutionOrderSort (0ms)
			DisableScriptedObjects (10ms)
			BackupInstance (0ms)
			ReleaseScriptingObjects (0ms)
			CreateAndSetChildDomain (71ms)
		EndReloadAssembly (582ms)
			LoadAssemblies (100ms)
			RebuildTransferFunctionScriptingTraits (0ms)
			SetupTypeCache (162ms)
			ReleaseScriptCaches (1ms)
			RebuildScriptCaches (34ms)
			SetupLoadedEditorAssemblies (279ms)
				LogAssemblyErrors (0ms)
				InitializePlatformSupportModulesInManaged (9ms)
				SetLoadedEditorAssemblies (1ms)
				RefreshPlugins (1ms)
				BeforeProcessingInitializeOnLoad (47ms)
				ProcessInitializeOnLoadAttributes (188ms)
				ProcessInitializeOnLoadMethodAttributes (32ms)
				AfterProcessingInitializeOnLoad (2ms)
				EditorAssembliesLoaded (0ms)
			ExecutionOrderSort2 (0ms)
			AwakeInstancesAfterBackupRestoration (7ms)
Platform modules already initialized, skipping
Refreshing native plugins compatible for Editor in 1.88 ms, found 3 plugins.
Preloading 0 native plugins for Editor in 0.00 ms.
Unloading 2613 Unused Serialized files (Serialized files now loaded: 0)
Unloading 22 unused Assets / (95.4 KB). Loaded Objects now: 3150.
Memory consumption went from 117.9 MB to 117.8 MB.
Total: 3.550700 ms (FindLiveObjects: 0.190900 ms CreateObjectMapping: 0.100700 ms MarkObjects: 3.229900 ms  DeleteObjects: 0.028600 ms)

AssetImportParameters requested are different than current active one (requested -> active):
  custom:video-decoder-ogg-theora: a1e56fd34408186e4bbccfd4996cb3dc -> 
  custom:container-muxer-webm: aa71ff27fc2769a1b78a27578f13a17b -> 
  custom:container-demuxer-webm: 4f35f7cbe854078d1ac9338744f61a02 -> 
  custom:video-encoder-webm-vp8: eb34c28f22e8b96e1ab97ce403110664 -> 
  custom:audio-encoder-webm-vorbis: bf7c407c2cedff20999df2af8eb42d56 -> 
  custom:framework-win-MediaFoundation: 216162199b28c13a410421893ffa2e32 -> 
  custom:container-demuxer-ogg: 62fdf1f143b41e24485cea50d1cbac27 -> 
  custom:video-decoder-webm-vp8: 9c59270c3fd7afecdb556c50c9e8de78 -> 
  custom:audio-decoder-ogg-vorbis: bf7c407c2cedff20999df2af8eb42d56 -> 
========================================================================
Received Prepare
Registering precompiled user dll's ...
Registered in 0.003688 seconds.
Begin MonoManager ReloadAssembly
Native extension for WindowsStandalone target not found
Refreshing native plugins compatible for Editor in 0.57 ms, found 3 plugins.
Preloading 0 native plugins for Editor in 0.00 ms.
Mono: successfully reloaded assembly
- Completed reload, in  0.754 seconds
Domain Reload Profiling:
	ReloadAssembly (755ms)
		BeginReloadAssembly (117ms)
			ExecutionOrderSort (0ms)
			DisableScriptedObjects (5ms)
			BackupInstance (0ms)
			ReleaseScriptingObjects (0ms)
			CreateAndSetChildDomain (32ms)
		EndReloadAssembly (563ms)
			LoadAssemblies (83ms)
			RebuildTransferFunctionScriptingTraits (0ms)
			SetupTypeCache (151ms)
			ReleaseScriptCaches (1ms)
			RebuildScriptCaches (35ms)
			SetupLoadedEditorAssemblies (274ms)
				LogAssemblyErrors (0ms)
				InitializePlatformSupportModulesInManaged (9ms)
				SetLoadedEditorAssemblies (0ms)
				RefreshPlugins (1ms)
				BeforeProcessingInitializeOnLoad (44ms)
				ProcessInitializeOnLoadAttributes (187ms)
				ProcessInitializeOnLoadMethodAttributes (32ms)
				AfterProcessingInitializeOnLoad (2ms)
				EditorAssembliesLoaded (0ms)
			ExecutionOrderSort2 (0ms)
			AwakeInstancesAfterBackupRestoration (8ms)
Platform modules already initialized, skipping
Refreshing native plugins compatible for Editor in 1.48 ms, found 3 plugins.
Preloading 0 native plugins for Editor in 0.00 ms.
Unloading 2613 Unused Serialized files (Serialized files now loaded: 0)
Unloading 22 unused Assets / (95.3 KB). Loaded Objects now: 3165.
Memory consumption went from 117.9 MB to 117.8 MB.
Total: 3.324900 ms (FindLiveObjects: 0.196600 ms CreateObjectMapping: 0.094100 ms MarkObjects: 3.002400 ms  DeleteObjects: 0.031100 ms)

AssetImportParameters requested are different than current active one (requested -> active):
  custom:video-decoder-ogg-theora: a1e56fd34408186e4bbccfd4996cb3dc -> 
  custom:container-muxer-webm: aa71ff27fc2769a1b78a27578f13a17b -> 
  custom:container-demuxer-webm: 4f35f7cbe854078d1ac9338744f61a02 -> 
  custom:video-encoder-webm-vp8: eb34c28f22e8b96e1ab97ce403110664 -> 
  custom:audio-encoder-webm-vorbis: bf7c407c2cedff20999df2af8eb42d56 -> 
  custom:framework-win-MediaFoundation: 216162199b28c13a410421893ffa2e32 -> 
  custom:container-demuxer-ogg: 62fdf1f143b41e24485cea50d1cbac27 -> 
  custom:video-decoder-webm-vp8: 9c59270c3fd7afecdb556c50c9e8de78 -> 
  custom:audio-decoder-ogg-vorbis: bf7c407c2cedff20999df2af8eb42d56 -> 
